Turbo Assembler	 Version 4.1	    02/08/26 21:02:27	    Page 1
state_ma.asm



      1	0000			     .model tiny
      2	0000			     .code
      3				     org 100h
      4
      5				     include include/my_lib.asm
1     6				     PRINT_STR macro string
1     7					     lea dx, [string + bx]
1     8					     mov ah, 09h
1     9					     int 21h
1    10				     endm
     11
     12				     _exit   macro
     13						     mov ah, 4ch
     14						     int 21h
     15						     mov eax, 0
     16					     endm
     17
     18	      =0024		     EOL     equ "$"
     19
     20				     ;===================================================
     21
     22	0100			     _start:
     23						     _exit
1    24	0100  B4 4C				     mov ah, 4ch
1    25	0102  CD 21				     int 21h
1    26	0104  C7 06 0000 0000			     mov eax, 0
**Error** state_ma.asm(18) _EXIT(3) Undefined symbol: EAX
*Warning* state_ma.asm(18) _EXIT(3) Argument needs type	override
     27
     28				     ; ====================== FUNCTIONS	========================
     29
     30	010A			     state_machine:
     31	010A				     .data
     32					     align 2
     33	0000				     .states:
     34	0000  00000000sr			     dd	$
     35	0004  00000004sr			     dd	$
     36					     align 2
     37	0008				     .text:
     38	0008  82 20 E6 A5 AB AE	AC+		     db	"В целом сойдет",  EOL
     39	      20 E1 AE A9 A4 A5	E2+
     40	      24
     41
     42				     end	     _start
Turbo Assembler	 Version 4.1	    02/08/26 21:02:27	    Page 2
Symbol Table




Symbol Name			  Type	 Value

.STATES				  Near	 DGROUP:0000
.TEXT				  Near	 DGROUP:0008
??DATE				  Text	 "02/08/26"
??FILENAME			  Text	 "state_ma"
??TIME				  Text	 "21:02:27"
??VERSION			  Number 040A
@32BIT				  Text	 0
@CODE				  Text	 DGROUP
@CODESIZE			  Text	 0
@CPU				  Text	 0101H
@CURSEG				  Text	 _DATA
@DATA				  Text	 DGROUP
@DATASIZE			  Text	 0
@FILENAME			  Text	 STATE_MA
@INTERFACE			  Text	 000H
@MODEL				  Text	 1
@STACK				  Text	 DGROUP
@WORDSIZE			  Text	 2
EOL				  Number 0024
STATE_MACHINE			  Near	 DGROUP:010A
_START				  Near	 DGROUP:0100

Macro Name

PRINT_STR
_EXIT

Groups & Segments		  Bit Size Align  Combine Class

DGROUP				  Group
  _DATA				  16  0017 Word	  Public  DATA
  _TEXT				  16  010A Word	  Public  CODE
Turbo Assembler	 Version 4.1	    02/08/26 21:02:27	    Page 3
Error Summary



**Error** state_ma.asm(18) _EXIT(3) Undefined symbol: EAX
*Warning* state_ma.asm(18) _EXIT(3) Argument needs type	override
